<?xml version="1.0" encoding="UTF-8"?>
<!-- Generated by org.testng.reporters.JUnitReportReporter -->
<testsuite hostname="DESKTOP-B7L0VAU" failures="0" tests="3" name="TestNG.loginDemo" time="34.168" errors="0" timestamp="26 May 2023 17:27:12 GMT" skipped="0">
  <testcase classname="TestNG.loginDemo" name="VerifyTitle" time="10.723"/>
  <testcase classname="TestNG.loginDemo" name="VerifyLogin" time="13.549"/>
  <testcase classname="TestNG.loginDemo" name="verfiyUrl" time="9.896"/>
</testsuite> <!-- TestNG.loginDemo -->
